<?xml version="1.0" encoding="UTF-8"?>
<!-- Generated by org.testng.reporters.JUnitReportReporter -->
<testsuite hostname="Card91s-MacBook-Air-6.local" failures="0" tests="1" name="testNG.LoginCard91Admin" time="0.000" errors="0" timestamp="2023-01-10T15:10:02 IST" skipped="1">
  <testcase classname="testNG.LoginCard91Admin" name="LoginTestCases" time="0.000">
    <skipped/>
  </testcase> <!-- LoginTestCases -->
  <system-out/>
</testsuite> <!-- testNG.LoginCard91Admin -->
